<?xml version="1.0" encoding="UTF-8"?>
<!-- Generated by org.testng.reporters.JUnitXMLReporter -->
<testsuite hostname="t5bvdiw10dv0339" failures="0" tests="6" name="Command line test" time="0.03" errors="0" timestamp="26 May 2020 10:59:38 GMT">
  <testcase classname="academy.AppiumTest" name="app" time="0.011"/>
  <testcase classname="academy.AppiumTest" name="app1" time="0.001"/>
  <testcase classname="academy.SeleniumTest" name="sele" time="0.001"/>
  <testcase classname="academy.SeleniumTest" name="sele1" time="0.0"/>
  <testcase classname="academy.TestngTest" name="testng" time="0.0"/>
  <testcase classname="academy.TestngTest" name="testng1" time="0.0"/>
</testsuite> <!-- Command line test -->
