<?xml version="1.0" encoding="UTF-8"?>
<testng-results total="2" passed="2" failed="0" skipped="0">
  <reporter-output>
  </reporter-output>
  <suite started-at="2020-05-27T07:23:47Z" name="Suite" finished-at="2020-05-27T07:23:59Z" duration-ms="12053">
    <groups>
    </groups>
    <test started-at="2020-05-27T07:23:47Z" name="Test" finished-at="2020-05-27T07:23:59Z" duration-ms="12053">
      <class name="academy.SeleniumTest">
        <test-method signature="sele()[pri:0, instance:academy.SeleniumTest@5d7148e2]" started-at="2020-05-27T12:53:47Z" name="sele" finished-at="2020-05-27T12:53:59Z" duration-ms="12035" status="PASS">
          <reporter-output>
          </reporter-output>
        </test-method> <!-- sele -->
        <test-method signature="sele1()[pri:0, instance:academy.SeleniumTest@5d7148e2]" started-at="2020-05-27T12:53:59Z" name="sele1" finished-at="2020-05-27T12:53:59Z" duration-ms="0" status="PASS">
          <reporter-output>
          </reporter-output>
        </test-method> <!-- sele1 -->
      </class> <!-- academy.SeleniumTest -->
    </test> <!-- Test -->
  </suite> <!-- Suite -->
</testng-results>
